<?xml version="1.0" encoding="UTF-8"?>
<testsuite xmlns:xsi="http://www.w3.org/2001/XMLSchema-instance" xsi:noNamespaceSchemaLocation="https://maven.apache.org/surefire/maven-surefire-plugin/xsd/surefire-test-report.xsd" version="3.0.2" name="pe.biblioteca.prestamos.PrestamosServiceApplicationTests" time="6.501" tests="1" errors="0" skipped="0" failures="0" flakes="0">
  <properties>
[...]
</properties>
  <testcase name="contextLoads" classname="pe.biblioteca.prestamos.PrestamosServiceApplicationTests" time="0.241">
    <system-out><![CDATA[20:11:55.066 [main] INFO org.springframework.test.context.support.AnnotationConfigContextLoaderUtils -- Could not detect default configuration classes for test class [pe.biblioteca.prestamos.PrestamosServiceApplicationTests]: PrestamosServiceApplicationTests does not declare any static, non-private, non-final, nested classes annotated with @Configuration.
20:11:55.154 [main] INFO org.springframework.boot.test.context.SpringBootTestContextBootstrapper -- Found @SpringBootConfiguration pe.biblioteca.prestamos.PrestamosServiceApplication for test class pe.biblioteca.prestamos.PrestamosServiceApplicationTests

  .   ____          _            __ _ _
 /\\ / ___'_ __ _ _(_)_ __  __ _ \ \ \ \
( ( )\___ | '_ | '_| | '_ \/ _` | \ \ \ \
 \\/  ___)| |_)| | | | | || (_| |  ) ) ) )
  '  |____| .__|_| |_|_| |_\__, | / / / /
 =========|_|==============|___/=/_/_/_/

 :: Spring Boot ::               (v3.5.15)

2026-07-23T20:11:57.469-05:00  INFO 46032 --- [prestamos-service] [           main] p.b.p.PrestamosServiceApplicationTests   : Starting PrestamosServiceApplicationTests using Java 26.0.1 with PID 46032 (started by User in E:\Tecsup\ProyectoFinal\walter-lopez-examen-microservicios\prestamos-service)
2026-07-23T20:11:57.470-05:00  INFO 46032 --- [prestamos-service] [           main] p.b.p.PrestamosServiceApplicationTests   : The following 1 profile is active: "dev"
2026-07-23T20:11:57.487-05:00  INFO 46032 --- [prestamos-service] [           main] o.s.c.c.c.ConfigServerConfigDataLoader   : Fetching config from server at : http://localhost:8888
2026-07-23T20:11:57.487-05:00  INFO 46032 --- [prestamos-service] [           main] o.s.c.c.c.ConfigServerConfigDataLoader   : Located environment: name=prestamos-service, profiles=[default], label=null, version=9d0fbf7b727b5f0571577b73b086613809198da6, state=
2026-07-23T20:11:57.487-05:00  INFO 46032 --- [prestamos-service] [           main] o.s.c.c.c.ConfigServerConfigDataLoader   : Fetching config from server at : http://localhost:8888
2026-07-23T20:11:57.488-05:00  INFO 46032 --- [prestamos-service] [           main] o.s.c.c.c.ConfigServerConfigDataLoader   : Located environment: name=prestamos-service, profiles=[dev], label=null, version=9d0fbf7b727b5f0571577b73b086613809198da6, state=
2026-07-23T20:11:58.148-05:00  INFO 46032 --- [prestamos-service] [           main] .s.d.r.c.RepositoryConfigurationDelegate : Bootstrapping Spring Data JPA repositories in DEFAULT mode.
2026-07-23T20:11:58.252-05:00  INFO 46032 --- [prestamos-service] [           main] .s.d.r.c.RepositoryConfigurationDelegate : Finished Spring Data repository scanning in 96 ms. Found 1 JPA repository interface.
2026-07-23T20:11:58.510-05:00  INFO 46032 --- [prestamos-service] [           main] o.s.cloud.context.scope.GenericScope     : BeanFactory id=5a9131e8-c335-31a6-9be3-24ac537e51d8
2026-07-23T20:11:58.778-05:00  INFO 46032 --- [prestamos-service] [           main] o.hibernate.jpa.internal.util.LogHelper  : HHH000204: Processing PersistenceUnitInfo [name: default]
2026-07-23T20:11:58.834-05:00  INFO 46032 --- [prestamos-service] [           main] org.hibernate.Version                    : HHH000412: Hibernate ORM core version 6.6.53.Final
2026-07-23T20:11:58.874-05:00  INFO 46032 --- [prestamos-service] [           main] o.h.c.internal.RegionFactoryInitiator    : HHH000026: Second-level cache disabled
2026-07-23T20:11:59.086-05:00  INFO 46032 --- [prestamos-service] [           main] o.s.o.j.p.SpringPersistenceUnitInfo      : No LoadTimeWeaver setup: ignoring JPA class transformer
2026-07-23T20:11:59.102-05:00  INFO 46032 --- [prestamos-service] [           main] com.zaxxer.hikari.HikariDataSource       : HikariPool-1 - Starting...
2026-07-23T20:11:59.213-05:00  INFO 46032 --- [prestamos-service] [           main] com.zaxxer.hikari.pool.HikariPool        : HikariPool-1 - Added connection org.postgresql.jdbc.PgConnection@7c45191e
2026-07-23T20:11:59.214-05:00  INFO 46032 --- [prestamos-service] [           main] com.zaxxer.hikari.HikariDataSource       : HikariPool-1 - Start completed.
2026-07-23T20:11:59.259-05:00  INFO 46032 --- [prestamos-service] [           main] org.hibernate.orm.connections.pooling    : HHH10001005: Database info:
	Database JDBC URL [Connecting through datasource 'HikariDataSource (HikariPool-1)']
	Database driver: undefined/unknown
	Database version: 18.3
	Autocommit mode: undefined/unknown
	Isolation level: undefined/unknown
	Minimum pool size: undefined/unknown
	Maximum pool size: undefined/unknown
2026-07-23T20:11:59.842-05:00  INFO 46032 --- [prestamos-service] [           main] o.h.e.t.j.p.i.JtaPlatformInitiator       : HHH000489: No JTA platform available (set 'hibernate.transaction.jta.platform' to enable JTA platform integration)
2026-07-23T20:11:59.890-05:00  INFO 46032 --- [prestamos-service] [           main] j.LocalContainerEntityManagerFactoryBean : Initialized JPA EntityManagerFactory for persistence unit 'default'
2026-07-23T20:12:00.862-05:00  INFO 46032 --- [prestamos-service] [           main] DiscoveryClientOptionalArgsConfiguration : Eureka HTTP Client uses RestTemplate.
2026-07-23T20:12:00.891-05:00  WARN 46032 --- [prestamos-service] [           main] iguration$LoadBalancerCaffeineWarnLogger : Spring Cloud LoadBalancer is currently working with the default cache. While this cache implementation is useful for development and tests, it's recommended to use Caffeine cache in production.You can switch to using Caffeine cache, by adding it and org.springframework.cache.caffeine.CaffeineCacheManager to the classpath.
2026-07-23T20:12:00.899-05:00  INFO 46032 --- [prestamos-service] [           main] o.s.b.a.e.web.EndpointLinksResolver      : Exposing 2 endpoints beneath base path '/actuator'
2026-07-23T20:12:00.954-05:00  INFO 46032 --- [prestamos-service] [           main] o.s.c.n.eureka.InstanceInfoFactory       : Setting initial instance status as: STARTING
2026-07-23T20:12:00.971-05:00  INFO 46032 --- [prestamos-service] [           main] com.netflix.discovery.DiscoveryClient    : Initializing Eureka in region us-east-1
2026-07-23T20:12:00.973-05:00  INFO 46032 --- [prestamos-service] [           main] c.n.d.s.r.aws.ConfigClusterResolver      : Resolving eureka endpoints via configuration
2026-07-23T20:12:00.979-05:00  INFO 46032 --- [prestamos-service] [           main] com.netflix.discovery.DiscoveryClient    : Disable delta property : false
2026-07-23T20:12:00.979-05:00  INFO 46032 --- [prestamos-service] [           main] com.netflix.discovery.DiscoveryClient    : Single vip registry refresh property : null
2026-07-23T20:12:00.979-05:00  INFO 46032 --- [prestamos-service] [           main] com.netflix.discovery.DiscoveryClient    : Force full registry fetch : false
2026-07-23T20:12:00.980-05:00  INFO 46032 --- [prestamos-service] [           main] com.netflix.discovery.DiscoveryClient    : Application is null : false
2026-07-23T20:12:00.980-05:00  INFO 46032 --- [prestamos-service] [           main] com.netflix.discovery.DiscoveryClient    : Registered Applications size is zero : true
2026-07-23T20:12:00.980-05:00  INFO 46032 --- [prestamos-service] [           main] com.netflix.discovery.DiscoveryClient    : Application version is -1: true
2026-07-23T20:12:00.980-05:00  INFO 46032 --- [prestamos-service] [           main] com.netflix.discovery.DiscoveryClient    : Getting all instance registry info from the eureka server
2026-07-23T20:12:01.090-05:00  INFO 46032 --- [prestamos-service] [           main] com.netflix.discovery.DiscoveryClient    : The response status is 200
2026-07-23T20:12:01.093-05:00  INFO 46032 --- [prestamos-service] [           main] com.netflix.discovery.DiscoveryClient    : Starting heartbeat executor: renew interval is: 30
2026-07-23T20:12:01.094-05:00  INFO 46032 --- [prestamos-service] [           main] c.n.discovery.InstanceInfoReplicator     : InstanceInfoReplicator onDemand update allowed rate per min is 4
2026-07-23T20:12:01.096-05:00  INFO 46032 --- [prestamos-service] [           main] com.netflix.discovery.DiscoveryClient    : Discovery Client initialized at timestamp 1784855521096 with initial instances count: 5
2026-07-23T20:12:01.100-05:00  INFO 46032 --- [prestamos-service] [           main] o.s.c.n.e.s.EurekaServiceRegistry        : Registering application PRESTAMOS-SERVICE with eureka with status UP
2026-07-23T20:12:01.100-05:00  INFO 46032 --- [prestamos-service] [           main] com.netflix.discovery.DiscoveryClient    : Saw local status change event StatusChangeEvent [timestamp=1784855521100, current=UP, previous=STARTING]
2026-07-23T20:12:01.103-05:00  INFO 46032 --- [prestamos-service] [foReplicator-%d] com.netflix.discovery.DiscoveryClient    : DiscoveryClient_PRESTAMOS-SERVICE/prestamos-service:fc368020-f398-4ce6-977c-af807ddead67:8082: registering service...
2026-07-23T20:12:01.116-05:00  INFO 46032 --- [prestamos-service] [           main] p.b.p.PrestamosServiceApplicationTests   : Started PrestamosServiceApplicationTests in 5.735 seconds (process running for 6.762)
2026-07-23T20:12:01.149-05:00  INFO 46032 --- [prestamos-service] [foReplicator-%d] com.netflix.discovery.DiscoveryClient    : DiscoveryClient_PRESTAMOS-SERVICE/prestamos-service:fc368020-f398-4ce6-977c-af807ddead67:8082 - registration status: 204
]]></system-out>
    <system-err><![CDATA[Mockito is currently self-attaching to enable the inline-mock-maker. This will no longer work in future releases of the JDK. Please add Mockito as an agent to your build as described in Mockito's documentation: https://javadoc.io/doc/org.mockito/mockito-core/latest/org.mockito/org/mockito/Mockito.html#0.3
WARNING: A Java agent has been loaded dynamically (C:\Users\User\.m2\repository\net\bytebuddy\byte-buddy-agent\1.17.8\byte-buddy-agent-1.17.8.jar)
WARNING: If a serviceability tool is in use, please run with -XX:+EnableDynamicAgentLoading to hide this warning
WARNING: If a serviceability tool is not in use, please run with -Djdk.instrument.traceUsage for more information
WARNING: Dynamic loading of agents will be disallowed by default in a future release
]]></system-err>
  </testcase>
</testsuite>